<?xml version="1.0" encoding="UTF-8"?>
<!-- Generated by org.testng.reporters.JUnitReportReporter -->
<testsuite hostname="PC-201508261647" name="com.demo.example.NewTest" tests="2" failures="0" timestamp="1 Dec 2016 08:47:34 GMT" time="0.013" errors="0">
  <testcase name="f" time="0.009" classname="com.demo.example.NewTest"/>
  <testcase name="testcase2" time="0.004" classname="com.demo.example.NewTest"/>
</testsuite> <!-- com.demo.example.NewTest -->
