<?xml version="1.0" encoding="UTF-8"?>
<!-- Generated by org.testng.reporters.JUnitReportReporter -->
<testsuite hostname="PC-201508261647" name="com.demo.emplyee.TestEmployeeDetails" tests="2" failures="0" timestamp="1 Dec 2016 08:31:49 GMT" time="0.023" errors="0">
  <testcase name="testCalculateYearlySalary" time="0.002" classname="com.demo.emplyee.TestEmployeeDetails"/>
  <testcase name="testCalculateAppriasal" time="0.021" classname="com.demo.emplyee.TestEmployeeDetails"/>
</testsuite> <!-- com.demo.emplyee.TestEmployeeDetails -->
