<?xml version="1.0" encoding="UTF-8"?>
<!-- Generated by org.testng.reporters.JUnitReportReporter -->
<testsuite hostname="PC-201508261647" name="com.demo.test.testcases.login.LoginPage_001_LoginSuccessFunction_Test" tests="1" failures="0" timestamp="17 Sep 2016 05:12:54 GMT" time="2.766" errors="0">
  <testcase name="loginSuccessFunction" time="2.766" classname="com.demo.test.testcases.login.LoginPage_001_LoginSuccessFunction_Test"/>
</testsuite> <!-- com.demo.test.testcases.login.LoginPage_001_LoginSuccessFunction_Test -->
